2023-12-04 16:39:01.912 [info] Log level: Info
2023-12-04 16:39:01.913 [info] Validating found git in: "git"
2023-12-04 16:39:01.913 [info] Using git "2.25.1" from "git"
2023-12-04 16:39:01.913 [info] > git rev-parse --show-toplevel [9ms]
2023-12-04 16:39:01.913 [info] fatal: not a git repository (or any of the parent directories): .git
2023-12-04 16:39:01.913 [info] > git rev-parse --show-toplevel [1ms]
2023-12-04 16:39:01.913 [info] fatal: not a git repository (or any of the parent directories): .git
2023-12-04 16:39:01.913 [info] > git rev-parse --show-toplevel [2ms]
2023-12-04 16:39:01.913 [info] fatal: not a git repository (or any of the parent directories): .git
2023-12-04 16:39:01.913 [info] > git rev-parse --show-toplevel [2ms]
2023-12-04 16:39:01.913 [info] fatal: not a git repository (or any of the parent directories): .git
2023-12-04 16:39:01.913 [info] > git rev-parse --show-toplevel [2ms]
2023-12-04 16:39:01.913 [info] fatal: not a git repository (or any of the parent directories): .git
2023-12-04 16:39:01.913 [info] > git rev-parse --show-toplevel [4ms]
2023-12-04 16:39:01.913 [info] fatal: not a git repository (or any of the parent directories): .git
2023-12-04 16:39:01.913 [info] > git rev-parse --show-toplevel [1ms]
2023-12-04 16:39:01.913 [info] fatal: not a git repository (or any of the parent directories): .git
2023-12-04 16:39:01.913 [info] > git rev-parse --show-toplevel [2ms]
2023-12-04 16:39:01.913 [info] fatal: not a git repository (or any of the parent directories): .git
2023-12-04 16:39:01.913 [info] > git rev-parse --show-toplevel [1ms]
2023-12-04 16:39:01.913 [info] fatal: not a git repository (or any of the parent directories): .git
2023-12-04 16:39:01.913 [info] > git rev-parse --show-toplevel [2ms]
2023-12-04 16:39:01.913 [info] fatal: not a git repository (or any of the parent directories): .git
2023-12-04 16:39:01.913 [info] > git rev-parse --show-toplevel [1ms]
2023-12-04 16:39:01.913 [info] fatal: not a git repository (or any of the parent directories): .git
2023-12-04 16:39:01.913 [info] > git rev-parse --show-toplevel [2ms]
2023-12-04 16:39:01.913 [info] fatal: not a git repository (or any of the parent directories): .git
