2023-12-09 09:21:15.987 [info] Log level: Info
2023-12-09 09:21:15.987 [info] Validating found git in: "git"
2023-12-09 09:21:15.987 [info] Using git "2.25.1" from "git"
2023-12-09 09:21:16.020 [info] > git rev-parse --show-toplevel [59ms]
2023-12-09 09:21:16.020 [info] fatal: not a git repository (or any of the parent directories): .git
2023-12-09 09:21:16.049 [info] > git rev-parse --show-toplevel [5ms]
2023-12-09 09:21:16.049 [info] fatal: not a git repository (or any of the parent directories): .git
2023-12-09 09:21:16.065 [info] > git rev-parse --show-toplevel [2ms]
2023-12-09 09:21:16.065 [info] fatal: not a git repository (or any of the parent directories): .git
2023-12-09 09:21:16.092 [info] > git rev-parse --show-toplevel [7ms]
2023-12-09 09:21:16.092 [info] fatal: not a git repository (or any of the parent directories): .git
2023-12-09 09:21:16.110 [info] > git rev-parse --show-toplevel [3ms]
2023-12-09 09:21:16.110 [info] fatal: not a git repository (or any of the parent directories): .git
2023-12-09 09:21:16.126 [info] > git rev-parse --show-toplevel [3ms]
2023-12-09 09:21:16.126 [info] fatal: not a git repository (or any of the parent directories): .git
2023-12-09 09:21:16.142 [info] > git rev-parse --show-toplevel [2ms]
2023-12-09 09:21:16.142 [info] fatal: not a git repository (or any of the parent directories): .git
2023-12-09 09:21:16.159 [info] > git rev-parse --show-toplevel [2ms]
2023-12-09 09:21:16.159 [info] fatal: not a git repository (or any of the parent directories): .git
2023-12-09 09:21:16.169 [info] > git rev-parse --show-toplevel [2ms]
2023-12-09 09:21:16.169 [info] fatal: not a git repository (or any of the parent directories): .git
2023-12-09 09:21:16.242 [info] > git rev-parse --show-toplevel [55ms]
2023-12-09 09:21:16.242 [info] fatal: not a git repository (or any of the parent directories): .git
2023-12-09 09:21:16.282 [info] > git rev-parse --show-toplevel [5ms]
2023-12-09 09:21:16.282 [info] fatal: not a git repository (or any of the parent directories): .git
2023-12-09 09:21:16.309 [info] > git rev-parse --show-toplevel [5ms]
2023-12-09 09:21:16.309 [info] fatal: not a git repository (or any of the parent directories): .git
2023-12-09 09:21:17.751 [info] > git rev-parse --show-toplevel [1ms]
2023-12-09 09:21:17.751 [info] fatal: not a git repository (or any of the parent directories): .git
2023-12-09 09:40:30.085 [info] > git rev-parse --show-toplevel [34ms]
2023-12-09 09:40:30.085 [info] fatal: not a git repository (or any of the parent directories): .git
2023-12-09 09:41:37.431 [info] > git rev-parse --show-toplevel [2ms]
2023-12-09 09:41:37.431 [info] fatal: not a git repository (or any of the parent directories): .git
2023-12-09 09:45:25.036 [info] > git rev-parse --show-toplevel [2ms]
2023-12-09 09:45:25.037 [info] fatal: not a git repository (or any of the parent directories): .git
2023-12-09 09:45:27.310 [info] > git rev-parse --show-toplevel [3ms]
2023-12-09 09:45:27.310 [info] fatal: not a git repository (or any of the parent directories): .git
2023-12-09 09:45:29.633 [info] > git rev-parse --show-toplevel [1ms]
2023-12-09 09:45:29.633 [info] fatal: not a git repository (or any of the parent directories): .git
2023-12-09 09:47:27.778 [info] > git rev-parse --show-toplevel [3ms]
2023-12-09 09:47:27.778 [info] fatal: not a git repository (or any of the parent directories): .git
2023-12-09 09:47:27.789 [info] > git rev-parse --show-toplevel [2ms]
2023-12-09 09:47:27.789 [info] fatal: not a git repository (or any of the parent directories): .git
2023-12-09 09:47:27.797 [info] > git rev-parse --show-toplevel [1ms]
2023-12-09 09:47:27.797 [info] fatal: not a git repository (or any of the parent directories): .git
2023-12-09 09:47:27.803 [info] > git rev-parse --show-toplevel [1ms]
2023-12-09 09:47:27.803 [info] fatal: not a git repository (or any of the parent directories): .git
2023-12-09 09:47:27.810 [info] > git rev-parse --show-toplevel [1ms]
2023-12-09 09:47:27.810 [info] fatal: not a git repository (or any of the parent directories): .git
2023-12-09 09:47:27.815 [info] > git rev-parse --show-toplevel [1ms]
2023-12-09 09:47:27.815 [info] fatal: not a git repository (or any of the parent directories): .git
2023-12-09 09:47:27.820 [info] > git rev-parse --show-toplevel [0ms]
2023-12-09 09:47:27.820 [info] fatal: not a git repository (or any of the parent directories): .git
2023-12-09 09:47:27.825 [info] > git rev-parse --show-toplevel [1ms]
2023-12-09 09:47:27.825 [info] fatal: not a git repository (or any of the parent directories): .git
2023-12-09 09:47:27.878 [info] > git rev-parse --show-toplevel [1ms]
2023-12-09 09:47:27.878 [info] fatal: not a git repository (or any of the parent directories): .git
2023-12-09 09:47:27.884 [info] > git rev-parse --show-toplevel [1ms]
2023-12-09 09:47:27.884 [info] fatal: not a git repository (or any of the parent directories): .git
2023-12-09 09:47:27.890 [info] > git rev-parse --show-toplevel [2ms]
2023-12-09 09:47:27.890 [info] fatal: not a git repository (or any of the parent directories): .git
2023-12-09 09:47:27.896 [info] > git rev-parse --show-toplevel [1ms]
2023-12-09 09:47:27.897 [info] fatal: not a git repository (or any of the parent directories): .git
2023-12-09 09:47:27.904 [info] > git rev-parse --show-toplevel [1ms]
2023-12-09 09:47:27.904 [info] fatal: not a git repository (or any of the parent directories): .git
2023-12-09 09:47:28.836 [info] > git rev-parse --show-toplevel [2ms]
2023-12-09 09:47:28.836 [info] fatal: not a git repository (or any of the parent directories): .git
2023-12-09 09:47:29.522 [info] > git rev-parse --show-toplevel [3ms]
2023-12-09 09:47:29.522 [info] fatal: not a git repository (or any of the parent directories): .git
2023-12-09 09:47:30.507 [info] > git rev-parse --show-toplevel [1ms]
2023-12-09 09:47:30.507 [info] fatal: not a git repository (or any of the parent directories): .git
2023-12-09 09:47:30.513 [info] > git rev-parse --show-toplevel [1ms]
2023-12-09 09:47:30.513 [info] fatal: not a git repository (or any of the parent directories): .git
2023-12-09 09:47:30.519 [info] > git rev-parse --show-toplevel [3ms]
2023-12-09 09:47:30.519 [info] fatal: not a git repository (or any of the parent directories): .git
2023-12-09 09:57:27.494 [info] > git rev-parse --show-toplevel [2ms]
2023-12-09 09:57:27.494 [info] fatal: not a git repository (or any of the parent directories): .git
2023-12-09 09:57:36.346 [info] > git rev-parse --show-toplevel [1ms]
2023-12-09 09:57:36.346 [info] fatal: not a git repository (or any of the parent directories): .git
2023-12-09 09:57:40.915 [info] > git rev-parse --show-toplevel [1ms]
2023-12-09 09:57:40.915 [info] fatal: not a git repository (or any of the parent directories): .git
2023-12-09 10:00:47.332 [info] > git rev-parse --show-toplevel [2ms]
2023-12-09 10:00:47.332 [info] fatal: not a git repository (or any of the parent directories): .git
2023-12-09 10:00:50.822 [info] > git rev-parse --show-toplevel [2ms]
2023-12-09 10:00:50.822 [info] fatal: not a git repository (or any of the parent directories): .git
2023-12-09 10:00:55.853 [info] > git rev-parse --show-toplevel [1ms]
2023-12-09 10:00:55.853 [info] fatal: not a git repository (or any of the parent directories): .git
2023-12-09 10:01:04.403 [info] > git rev-parse --show-toplevel [4ms]
2023-12-09 10:01:04.403 [info] fatal: not a git repository (or any of the parent directories): .git
2023-12-09 10:11:06.977 [info] > git rev-parse --show-toplevel [0ms]
2023-12-09 10:11:06.977 [info] fatal: not a git repository (or any of the parent directories): .git
2023-12-09 10:11:27.279 [info] > git rev-parse --show-toplevel [2ms]
2023-12-09 10:11:27.279 [info] fatal: not a git repository (or any of the parent directories): .git
2023-12-09 10:26:09.056 [info] > git rev-parse --show-toplevel [0ms]
2023-12-09 10:26:09.056 [info] fatal: not a git repository (or any of the parent directories): .git
2023-12-09 10:27:17.332 [info] > git rev-parse --show-toplevel [1ms]
2023-12-09 10:27:17.332 [info] fatal: not a git repository (or any of the parent directories): .git
2023-12-09 10:27:57.188 [info] > git rev-parse --show-toplevel [1ms]
2023-12-09 10:27:57.193 [info] fatal: not a git repository (or any of the parent directories): .git
2023-12-09 10:30:37.094 [info] > git rev-parse --show-toplevel [3ms]
2023-12-09 10:30:37.094 [info] fatal: not a git repository (or any of the parent directories): .git
2023-12-09 10:33:54.856 [info] > git rev-parse --show-toplevel [2ms]
2023-12-09 10:33:54.856 [info] fatal: not a git repository (or any of the parent directories): .git
2023-12-09 10:34:00.075 [info] > git rev-parse --show-toplevel [2ms]
2023-12-09 10:34:00.075 [info] fatal: not a git repository (or any of the parent directories): .git
2023-12-09 10:34:06.831 [info] > git rev-parse --show-toplevel [2ms]
2023-12-09 10:34:06.831 [info] fatal: not a git repository (or any of the parent directories): .git
2023-12-09 10:34:59.155 [info] > git rev-parse --show-toplevel [2ms]
2023-12-09 10:34:59.155 [info] fatal: not a git repository (or any of the parent directories): .git
2023-12-09 10:42:53.412 [info] > git rev-parse --show-toplevel [0ms]
2023-12-09 10:42:53.412 [info] fatal: not a git repository (or any of the parent directories): .git
2023-12-09 10:42:56.515 [info] > git rev-parse --show-toplevel [2ms]
2023-12-09 10:42:56.515 [info] fatal: not a git repository (or any of the parent directories): .git
2023-12-09 10:42:58.646 [info] > git rev-parse --show-toplevel [1ms]
2023-12-09 10:42:58.646 [info] fatal: not a git repository (or any of the parent directories): .git
2023-12-09 10:43:04.857 [info] > git rev-parse --show-toplevel [2ms]
2023-12-09 10:43:04.857 [info] fatal: not a git repository (or any of the parent directories): .git
2023-12-09 10:48:06.516 [info] > git rev-parse --show-toplevel [1ms]
2023-12-09 10:48:06.516 [info] fatal: not a git repository (or any of the parent directories): .git
2023-12-09 10:48:06.525 [info] > git rev-parse --show-toplevel [1ms]
2023-12-09 10:48:06.525 [info] fatal: not a git repository (or any of the parent directories): .git
2023-12-09 10:48:06.532 [info] > git rev-parse --show-toplevel [2ms]
2023-12-09 10:48:06.532 [info] fatal: not a git repository (or any of the parent directories): .git
2023-12-09 10:48:06.542 [info] > git rev-parse --show-toplevel [5ms]
2023-12-09 10:48:06.542 [info] fatal: not a git repository (or any of the parent directories): .git
2023-12-09 10:48:06.549 [info] > git rev-parse --show-toplevel [1ms]
2023-12-09 10:48:06.549 [info] fatal: not a git repository (or any of the parent directories): .git
2023-12-09 10:48:06.554 [info] > git rev-parse --show-toplevel [1ms]
2023-12-09 10:48:06.554 [info] fatal: not a git repository (or any of the parent directories): .git
2023-12-09 10:48:06.559 [info] > git rev-parse --show-toplevel [1ms]
2023-12-09 10:48:06.559 [info] fatal: not a git repository (or any of the parent directories): .git
2023-12-09 10:48:06.566 [info] > git rev-parse --show-toplevel [1ms]
2023-12-09 10:48:06.566 [info] fatal: not a git repository (or any of the parent directories): .git
2023-12-09 10:48:06.570 [info] > git rev-parse --show-toplevel [1ms]
2023-12-09 10:48:06.570 [info] fatal: not a git repository (or any of the parent directories): .git
2023-12-09 10:48:06.584 [info] > git rev-parse --show-toplevel [0ms]
2023-12-09 10:48:06.584 [info] fatal: not a git repository (or any of the parent directories): .git
2023-12-09 10:48:06.617 [info] > git rev-parse --show-toplevel [1ms]
2023-12-09 10:48:06.617 [info] fatal: not a git repository (or any of the parent directories): .git
2023-12-09 10:48:06.622 [info] > git rev-parse --show-toplevel [1ms]
2023-12-09 10:48:06.622 [info] fatal: not a git repository (or any of the parent directories): .git
2023-12-09 10:48:06.627 [info] > git rev-parse --show-toplevel [1ms]
2023-12-09 10:48:06.627 [info] fatal: not a git repository (or any of the parent directories): .git
2023-12-09 10:48:07.630 [info] > git rev-parse --show-toplevel [0ms]
2023-12-09 10:48:07.630 [info] fatal: not a git repository (or any of the parent directories): .git
2023-12-09 10:48:08.269 [info] > git rev-parse --show-toplevel [1ms]
2023-12-09 10:48:08.269 [info] fatal: not a git repository (or any of the parent directories): .git
2023-12-09 10:48:09.281 [info] > git rev-parse --show-toplevel [1ms]
2023-12-09 10:48:09.281 [info] fatal: not a git repository (or any of the parent directories): .git
2023-12-09 10:48:09.288 [info] > git rev-parse --show-toplevel [1ms]
2023-12-09 10:48:09.288 [info] fatal: not a git repository (or any of the parent directories): .git
2023-12-09 10:48:09.295 [info] > git rev-parse --show-toplevel [2ms]
2023-12-09 10:48:09.295 [info] fatal: not a git repository (or any of the parent directories): .git
2023-12-09 10:49:28.985 [info] > git rev-parse --show-toplevel [2ms]
2023-12-09 10:49:28.985 [info] fatal: not a git repository (or any of the parent directories): .git
2023-12-09 10:49:31.656 [info] > git rev-parse --show-toplevel [2ms]
2023-12-09 10:49:31.656 [info] fatal: not a git repository (or any of the parent directories): .git
2023-12-09 10:56:53.237 [info] > git rev-parse --show-toplevel [1ms]
2023-12-09 10:56:53.238 [info] fatal: not a git repository (or any of the parent directories): .git
2023-12-09 10:56:55.367 [info] > git rev-parse --show-toplevel [3ms]
2023-12-09 10:56:55.367 [info] fatal: not a git repository (or any of the parent directories): .git
2023-12-09 11:03:39.024 [info] > git rev-parse --show-toplevel [6ms]
2023-12-09 11:03:39.028 [info] fatal: not a git repository (or any of the parent directories): .git
2023-12-09 11:07:28.789 [info] > git rev-parse --show-toplevel [4ms]
2023-12-09 11:07:28.790 [info] fatal: not a git repository (or any of the parent directories): .git
2023-12-09 11:07:29.936 [info] > git rev-parse --show-toplevel [1ms]
2023-12-09 11:07:29.936 [info] fatal: not a git repository (or any of the parent directories): .git
2023-12-09 11:07:30.926 [info] > git rev-parse --show-toplevel [1ms]
2023-12-09 11:07:30.926 [info] fatal: not a git repository (or any of the parent directories): .git
2023-12-09 11:07:32.424 [info] > git rev-parse --show-toplevel [1ms]
2023-12-09 11:07:32.425 [info] fatal: not a git repository (or any of the parent directories): .git
