2023-12-16 10:27:17.649 [info] Log level: Info
2023-12-16 10:27:17.649 [info] Validating found git in: "git"
2023-12-16 10:27:17.649 [info] Using git "2.25.1" from "git"
2023-12-16 10:27:17.649 [info] > git rev-parse --show-toplevel [10ms]
2023-12-16 10:27:17.649 [info] > git rev-parse --git-dir --git-common-dir [2ms]
2023-12-16 10:27:17.649 [info] Open repository: /home/sopharong/web-training-2023
2023-12-16 10:27:17.649 [info] > git rev-parse --show-toplevel [3ms]
2023-12-16 10:27:17.649 [info] > git config --get commit.template [22ms]
2023-12-16 10:27:17.649 [info] > git rev-parse --show-toplevel [14ms]
2023-12-16 10:27:17.649 [info] > git for-each-ref --format %(refname) %(objectname) %(*objectname) refs/tags [4ms]
2023-12-16 10:27:17.649 [info] > git rev-parse --show-toplevel [10ms]
2023-12-16 10:27:17.649 [info] > git status -z -uall [26ms]
2023-12-16 10:27:17.649 [info] > git rev-parse --show-toplevel [18ms]
2023-12-16 10:27:17.649 [info] > git config --get commit.template [10ms]
2023-12-16 10:27:17.649 [info] > git rev-parse --show-toplevel [8ms]
2023-12-16 10:27:17.668 [info] > git for-each-ref --format %(refname) %(objectname) %(*objectname) refs/tags [9ms]
2023-12-16 10:27:17.676 [info] > git rev-parse --show-toplevel [9ms]
2023-12-16 10:27:17.688 [info] > git status -z -uall [14ms]
2023-12-16 10:27:17.694 [info] > git rev-parse --show-toplevel [10ms]
2023-12-16 10:27:17.715 [info] > git rev-parse --show-toplevel [14ms]
2023-12-16 10:27:17.746 [info] > git rev-parse --show-toplevel [21ms]
2023-12-16 10:27:17.764 [info] > git rev-parse --show-toplevel [10ms]
2023-12-16 10:27:18.173 [info] > git fetch [649ms]
2023-12-16 10:27:18.186 [info] > git config --get commit.template [6ms]
2023-12-16 10:27:18.187 [info] > git for-each-ref --format %(refname) %(objectname) %(*objectname) refs/tags [2ms]
2023-12-16 10:27:18.194 [info] > git status -z -uall [3ms]
2023-12-16 10:27:18.291 [info] > git check-ignore -v -z --stdin [2ms]
2023-12-16 10:27:18.757 [info] > git show --textconv :database/migrations/2023_12_09_032118_remove_column_missing_from_products.php [11ms]
2023-12-16 10:27:18.759 [info] > git ls-files --stage -- /home/sopharong/web-training-2023/database/migrations/2023_12_09_032118_remove_column_missing_from_products.php [5ms]
2023-12-16 10:27:18.785 [info] > git cat-file -s 60be995692f734c30df8eff31ab5a405fa016904 [18ms]
2023-12-16 10:27:19.387 [info] > git config --get commit.template [4ms]
2023-12-16 10:27:19.403 [info] > git for-each-ref --format %(refname) %(objectname) %(*objectname) refs/tags [2ms]
2023-12-16 10:27:19.419 [info] > git status -z -uall [4ms]
2023-12-16 10:27:19.570 [info] > git ls-files --stage -- /home/sopharong/web-training-2023/database/migrations/2023_12_09_032118_remove_column_missing_from_products.php [4ms]
2023-12-16 10:27:19.581 [info] > git cat-file -s 60be995692f734c30df8eff31ab5a405fa016904 [3ms]
2023-12-16 10:27:19.604 [info] > git show --textconv :database/migrations/2023_12_09_032118_remove_column_missing_from_products.php [3ms]
2023-12-16 10:31:04.201 [info] > git fetch [579ms]
2023-12-16 10:31:04.207 [info] > git config --get commit.template [1ms]
2023-12-16 10:31:04.210 [info] > git for-each-ref --format %(refname) %(objectname) %(*objectname) refs/tags [1ms]
2023-12-16 10:31:04.215 [info] > git status -z -uall [3ms]
2023-12-16 10:31:05.287 [info] > git config --get commit.template [4ms]
2023-12-16 10:31:05.287 [info] > git for-each-ref --format %(refname) %(objectname) %(*objectname) refs/tags [0ms]
2023-12-16 10:31:05.292 [info] > git status -z -uall [2ms]
2023-12-16 10:31:05.385 [info] > git ls-files --stage -- /home/sopharong/web-training-2023/database/migrations/2023_12_09_032118_remove_column_missing_from_products.php [1ms]
2023-12-16 10:31:05.390 [info] > git cat-file -s 60be995692f734c30df8eff31ab5a405fa016904 [1ms]
2023-12-16 10:31:05.399 [info] > git show --textconv :database/migrations/2023_12_09_032118_remove_column_missing_from_products.php [1ms]
2023-12-16 10:31:08.729 [info] > git check-ignore -v -z --stdin [0ms]
2023-12-16 10:31:10.981 [info] > git check-ignore -v -z --stdin [1ms]
2023-12-16 10:33:23.524 [info] > git check-ignore -v -z --stdin [0ms]
2023-12-16 10:33:25.359 [info] > git show --textconv :database/seeders/CategorySeeder.php [4ms]
2023-12-16 10:33:25.360 [info] > git ls-files --stage -- /home/sopharong/web-training-2023/database/seeders/CategorySeeder.php [1ms]
2023-12-16 10:33:25.364 [info] > git cat-file -s 4329d23d71d8234bfa217ad1085aaf0fde660de7 [1ms]
2023-12-16 10:33:29.087 [info] > git show --textconv :database/seeders/DatabaseSeeder.php [9ms]
2023-12-16 10:33:29.088 [info] > git ls-files --stage -- /home/sopharong/web-training-2023/database/seeders/DatabaseSeeder.php [4ms]
2023-12-16 10:33:29.092 [info] > git cat-file -s a9f4519fce324e270bc0722a679840a65c3e0caf [1ms]
2023-12-16 10:33:33.550 [info] > git show --textconv :database/seeders/ImageSeeder.php [3ms]
2023-12-16 10:33:33.551 [info] > git ls-files --stage -- /home/sopharong/web-training-2023/database/seeders/ImageSeeder.php [1ms]
2023-12-16 10:33:33.554 [info] > git cat-file -s c7add857038d391dc607f6d7dc257603e826621f [1ms]
2023-12-16 10:33:36.838 [info] > git show --textconv :database/seeders/ProductSeeder.php [4ms]
2023-12-16 10:33:36.838 [info] > git ls-files --stage -- /home/sopharong/web-training-2023/database/seeders/ProductSeeder.php [1ms]
2023-12-16 10:33:36.842 [info] > git cat-file -s 26734d31020a3eae3f57ddd3ccd9650f4bdd76e0 [1ms]
2023-12-16 10:33:44.286 [info] > git show --textconv :database/seeders/CategorySeeder.php [7ms]
2023-12-16 10:33:44.286 [info] > git ls-files --stage -- /home/sopharong/web-training-2023/database/seeders/CategorySeeder.php [1ms]
2023-12-16 10:33:44.292 [info] > git cat-file -s 4329d23d71d8234bfa217ad1085aaf0fde660de7 [1ms]
2023-12-16 10:33:46.835 [info] > git show --textconv :database/seeders/DatabaseSeeder.php [4ms]
2023-12-16 10:33:46.835 [info] > git ls-files --stage -- /home/sopharong/web-training-2023/database/seeders/DatabaseSeeder.php [1ms]
2023-12-16 10:33:46.839 [info] > git cat-file -s a9f4519fce324e270bc0722a679840a65c3e0caf [1ms]
2023-12-16 10:33:55.080 [info] > git show --textconv :database/seeders/ImageSeeder.php [4ms]
2023-12-16 10:33:55.081 [info] > git ls-files --stage -- /home/sopharong/web-training-2023/database/seeders/ImageSeeder.php [1ms]
2023-12-16 10:33:55.085 [info] > git cat-file -s c7add857038d391dc607f6d7dc257603e826621f [1ms]
2023-12-16 10:33:57.029 [info] > git show --textconv :database/seeders/DatabaseSeeder.php [4ms]
2023-12-16 10:33:57.029 [info] > git ls-files --stage -- /home/sopharong/web-training-2023/database/seeders/DatabaseSeeder.php [1ms]
2023-12-16 10:33:57.034 [info] > git cat-file -s a9f4519fce324e270bc0722a679840a65c3e0caf [0ms]
2023-12-16 10:34:04.797 [info] > git fetch [571ms]
2023-12-16 10:34:04.805 [info] > git config --get commit.template [3ms]
2023-12-16 10:34:04.805 [info] > git for-each-ref --format %(refname) %(objectname) %(*objectname) refs/tags [1ms]
2023-12-16 10:34:04.809 [info] > git status -z -uall [2ms]
2023-12-16 10:34:05.889 [info] > git config --get commit.template [5ms]
2023-12-16 10:34:05.889 [info] > git for-each-ref --format %(refname) %(objectname) %(*objectname) refs/tags [2ms]
2023-12-16 10:34:05.893 [info] > git status -z -uall [1ms]
2023-12-16 10:34:05.985 [info] > git ls-files --stage -- /home/sopharong/web-training-2023/database/seeders/DatabaseSeeder.php [1ms]
2023-12-16 10:34:05.989 [info] > git cat-file -s a9f4519fce324e270bc0722a679840a65c3e0caf [0ms]
2023-12-16 10:34:05.997 [info] > git show --textconv :database/seeders/DatabaseSeeder.php [1ms]
2023-12-16 10:34:09.726 [info] > git show --textconv :database/seeders/ProductSeeder.php [4ms]
2023-12-16 10:34:09.726 [info] > git ls-files --stage -- /home/sopharong/web-training-2023/database/seeders/ProductSeeder.php [1ms]
2023-12-16 10:34:09.730 [info] > git cat-file -s 26734d31020a3eae3f57ddd3ccd9650f4bdd76e0 [1ms]
2023-12-16 10:34:11.306 [info] > git show --textconv :database/seeders/ImageSeeder.php [4ms]
2023-12-16 10:34:11.306 [info] > git ls-files --stage -- /home/sopharong/web-training-2023/database/seeders/ImageSeeder.php [1ms]
2023-12-16 10:34:11.310 [info] > git cat-file -s c7add857038d391dc607f6d7dc257603e826621f [1ms]
2023-12-16 10:34:12.819 [info] > git show --textconv :database/seeders/DatabaseSeeder.php [4ms]
2023-12-16 10:34:12.819 [info] > git ls-files --stage -- /home/sopharong/web-training-2023/database/seeders/DatabaseSeeder.php [1ms]
2023-12-16 10:34:12.824 [info] > git cat-file -s a9f4519fce324e270bc0722a679840a65c3e0caf [1ms]
2023-12-16 10:39:52.025 [info] > git config --get commit.template [42ms]
2023-12-16 10:39:52.026 [info] > git ls-files --stage -- /home/sopharong/web-training-2023/database/seeders/DatabaseSeeder.php [3ms]
2023-12-16 10:39:52.034 [info] > git for-each-ref --format %(refname) %(objectname) %(*objectname) refs/tags [28ms]
2023-12-16 10:39:52.043 [info] > git status -z -uall [1ms]
2023-12-16 10:39:52.043 [info] > git cat-file -s a9f4519fce324e270bc0722a679840a65c3e0caf [10ms]
2023-12-16 10:39:52.063 [info] > git show --textconv :database/seeders/DatabaseSeeder.php [1ms]
2023-12-16 10:39:52.757 [info] > git fetch [797ms]
2023-12-16 10:39:52.763 [info] > git config --get commit.template [1ms]
2023-12-16 10:39:52.767 [info] > git for-each-ref --format %(refname) %(objectname) %(*objectname) refs/tags [1ms]
2023-12-16 10:39:52.770 [info] > git status -z -uall [1ms]
2023-12-16 10:39:53.940 [info] > git ls-files --stage -- /home/sopharong/web-training-2023/database/seeders/DatabaseSeeder.php [0ms]
2023-12-16 10:39:53.944 [info] > git cat-file -s a9f4519fce324e270bc0722a679840a65c3e0caf [0ms]
2023-12-16 10:39:53.957 [info] > git show --textconv :database/seeders/DatabaseSeeder.php [1ms]
2023-12-16 10:39:57.052 [info] > git config --get commit.template [0ms]
2023-12-16 10:39:57.056 [info] > git for-each-ref --format %(refname) %(objectname) %(*objectname) refs/tags [1ms]
2023-12-16 10:39:57.060 [info] > git status -z -uall [2ms]
2023-12-16 10:43:45.387 [info] > git fetch [628ms]
2023-12-16 10:43:45.396 [info] > git config --get commit.template [3ms]
2023-12-16 10:43:45.396 [info] > git for-each-ref --format %(refname) %(objectname) %(*objectname) refs/tags [1ms]
2023-12-16 10:43:45.400 [info] > git status -z -uall [1ms]
2023-12-16 10:43:46.482 [info] > git config --get commit.template [5ms]
2023-12-16 10:43:46.482 [info] > git for-each-ref --format %(refname) %(objectname) %(*objectname) refs/tags [1ms]
2023-12-16 10:43:46.486 [info] > git status -z -uall [1ms]
2023-12-16 10:43:46.584 [info] > git ls-files --stage -- /home/sopharong/web-training-2023/database/seeders/DatabaseSeeder.php [2ms]
2023-12-16 10:43:46.594 [info] > git cat-file -s a9f4519fce324e270bc0722a679840a65c3e0caf [1ms]
2023-12-16 10:43:46.609 [info] > git show --textconv :database/seeders/DatabaseSeeder.php [1ms]
2023-12-16 10:44:07.573 [info] > git config --get commit.template [5ms]
2023-12-16 10:44:07.573 [info] > git for-each-ref --format %(refname) %(objectname) %(*objectname) refs/tags [2ms]
2023-12-16 10:44:07.578 [info] > git status -z -uall [2ms]
2023-12-16 10:47:05.235 [info] > git fetch [940ms]
2023-12-16 10:47:05.244 [info] > git config --get commit.template [3ms]
2023-12-16 10:47:05.244 [info] > git for-each-ref --format %(refname) %(objectname) %(*objectname) refs/tags [1ms]
2023-12-16 10:47:05.248 [info] > git status -z -uall [1ms]
2023-12-16 10:47:06.320 [info] > git config --get commit.template [1ms]
2023-12-16 10:47:06.325 [info] > git for-each-ref --format %(refname) %(objectname) %(*objectname) refs/tags [1ms]
2023-12-16 10:47:06.329 [info] > git status -z -uall [1ms]
2023-12-16 10:47:06.424 [info] > git ls-files --stage -- /home/sopharong/web-training-2023/database/seeders/DatabaseSeeder.php [0ms]
2023-12-16 10:47:06.430 [info] > git cat-file -s a9f4519fce324e270bc0722a679840a65c3e0caf [2ms]
2023-12-16 10:47:06.439 [info] > git show --textconv :database/seeders/DatabaseSeeder.php [2ms]
2023-12-16 11:00:26.024 [info] > git ls-files --stage -- /home/sopharong/web-training-2023/database/seeders/DatabaseSeeder.php [0ms]
2023-12-16 11:00:26.029 [info] > git cat-file -s a9f4519fce324e270bc0722a679840a65c3e0caf [1ms]
2023-12-16 11:00:26.038 [info] > git show --textconv :database/seeders/DatabaseSeeder.php [2ms]
2023-12-16 11:00:29.872 [info] > git fetch [5050ms]
2023-12-16 11:00:29.880 [info] > git config --get commit.template [4ms]
2023-12-16 11:00:29.881 [info] > git for-each-ref --format %(refname) %(objectname) %(*objectname) refs/tags [1ms]
2023-12-16 11:00:29.888 [info] > git status -z -uall [4ms]
2023-12-16 11:00:30.965 [info] > git config --get commit.template [4ms]
2023-12-16 11:00:30.966 [info] > git for-each-ref --format %(refname) %(objectname) %(*objectname) refs/tags [1ms]
2023-12-16 11:00:30.970 [info] > git status -z -uall [1ms]
2023-12-16 11:00:31.063 [info] > git ls-files --stage -- /home/sopharong/web-training-2023/database/seeders/DatabaseSeeder.php [1ms]
2023-12-16 11:00:31.067 [info] > git cat-file -s a9f4519fce324e270bc0722a679840a65c3e0caf [1ms]
2023-12-16 11:00:31.076 [info] > git show --textconv :database/seeders/DatabaseSeeder.php [1ms]
2023-12-16 11:00:38.380 [info] > git show --textconv :database/seeders/CategorySeeder.php [4ms]
2023-12-16 11:00:38.381 [info] > git ls-files --stage -- /home/sopharong/web-training-2023/database/seeders/CategorySeeder.php [2ms]
2023-12-16 11:00:38.385 [info] > git cat-file -s 4329d23d71d8234bfa217ad1085aaf0fde660de7 [1ms]
2023-12-16 11:00:43.810 [info] > git show --textconv :database/seeders/DatabaseSeeder.php [3ms]
2023-12-16 11:00:43.810 [info] > git ls-files --stage -- /home/sopharong/web-training-2023/database/seeders/DatabaseSeeder.php [1ms]
2023-12-16 11:00:43.816 [info] > git cat-file -s a9f4519fce324e270bc0722a679840a65c3e0caf [1ms]
2023-12-16 11:00:56.526 [info] > git config --get commit.template [1ms]
2023-12-16 11:00:56.531 [info] > git for-each-ref --format %(refname) %(objectname) %(*objectname) refs/tags [0ms]
2023-12-16 11:00:56.536 [info] > git status -z -uall [2ms]
2023-12-16 11:00:57.673 [info] > git show --textconv :database/seeders/ImageSeeder.php [4ms]
2023-12-16 11:00:57.674 [info] > git ls-files --stage -- /home/sopharong/web-training-2023/database/seeders/ImageSeeder.php [2ms]
2023-12-16 11:00:57.680 [info] > git cat-file -s c7add857038d391dc607f6d7dc257603e826621f [2ms]
2023-12-16 11:00:59.601 [info] > git show --textconv :database/seeders/ProductSeeder.php [4ms]
2023-12-16 11:00:59.601 [info] > git ls-files --stage -- /home/sopharong/web-training-2023/database/seeders/ProductSeeder.php [1ms]
2023-12-16 11:00:59.606 [info] > git cat-file -s 26734d31020a3eae3f57ddd3ccd9650f4bdd76e0 [1ms]
2023-12-16 11:01:01.378 [info] > git show --textconv :database/seeders/CategorySeeder.php [4ms]
2023-12-16 11:01:01.378 [info] > git ls-files --stage -- /home/sopharong/web-training-2023/database/seeders/CategorySeeder.php [1ms]
2023-12-16 11:01:01.382 [info] > git cat-file -s 4329d23d71d8234bfa217ad1085aaf0fde660de7 [0ms]
2023-12-16 11:04:46.837 [info] > git ls-files --stage -- /home/sopharong/web-training-2023/database/seeders/CategorySeeder.php [0ms]
2023-12-16 11:04:46.841 [info] > git cat-file -s 4329d23d71d8234bfa217ad1085aaf0fde660de7 [1ms]
2023-12-16 11:04:46.850 [info] > git show --textconv :database/seeders/CategorySeeder.php [1ms]
2023-12-16 11:04:48.606 [info] > git fetch [2963ms]
2023-12-16 11:04:48.615 [info] > git config --get commit.template [4ms]
2023-12-16 11:04:48.615 [info] > git for-each-ref --format %(refname) %(objectname) %(*objectname) refs/tags [1ms]
2023-12-16 11:04:48.620 [info] > git status -z -uall [2ms]
2023-12-16 11:04:49.690 [info] > git config --get commit.template [0ms]
2023-12-16 11:04:49.695 [info] > git for-each-ref --format %(refname) %(objectname) %(*objectname) refs/tags [1ms]
2023-12-16 11:04:49.700 [info] > git status -z -uall [2ms]
2023-12-16 11:04:49.791 [info] > git ls-files --stage -- /home/sopharong/web-training-2023/database/seeders/CategorySeeder.php [1ms]
2023-12-16 11:04:49.796 [info] > git cat-file -s 4329d23d71d8234bfa217ad1085aaf0fde660de7 [1ms]
2023-12-16 11:04:49.807 [info] > git show --textconv :database/seeders/CategorySeeder.php [1ms]
2023-12-16 11:07:21.922 [info] > git show --textconv :database/seeders/DatabaseSeeder.php [6ms]
2023-12-16 11:07:21.923 [info] > git ls-files --stage -- /home/sopharong/web-training-2023/database/seeders/DatabaseSeeder.php [1ms]
2023-12-16 11:07:21.927 [info] > git cat-file -s a9f4519fce324e270bc0722a679840a65c3e0caf [1ms]
2023-12-16 11:07:31.820 [info] > git show --textconv :database/seeders/CategorySeeder.php [3ms]
2023-12-16 11:07:31.820 [info] > git ls-files --stage -- /home/sopharong/web-training-2023/database/seeders/CategorySeeder.php [1ms]
2023-12-16 11:07:31.825 [info] > git cat-file -s 4329d23d71d8234bfa217ad1085aaf0fde660de7 [0ms]
2023-12-16 11:13:53.230 [info] > git show --textconv :database/seeders/DatabaseSeeder.php [4ms]
2023-12-16 11:13:53.231 [info] > git ls-files --stage -- /home/sopharong/web-training-2023/database/seeders/DatabaseSeeder.php [1ms]
2023-12-16 11:13:53.235 [info] > git cat-file -s a9f4519fce324e270bc0722a679840a65c3e0caf [1ms]
2023-12-16 11:13:53.570 [info] > git fetch [500ms]
2023-12-16 11:13:53.580 [info] > git config --get commit.template [5ms]
2023-12-16 11:13:53.580 [info] > git for-each-ref --format %(refname) %(objectname) %(*objectname) refs/tags [1ms]
2023-12-16 11:13:53.584 [info] > git status -z -uall [1ms]
2023-12-16 11:13:54.709 [info] > git config --get commit.template [5ms]
2023-12-16 11:13:54.709 [info] > git for-each-ref --format %(refname) %(objectname) %(*objectname) refs/tags [0ms]
2023-12-16 11:13:54.714 [info] > git status -z -uall [2ms]
2023-12-16 11:13:54.806 [info] > git ls-files --stage -- /home/sopharong/web-training-2023/database/seeders/DatabaseSeeder.php [0ms]
2023-12-16 11:13:54.811 [info] > git cat-file -s a9f4519fce324e270bc0722a679840a65c3e0caf [1ms]
2023-12-16 11:13:54.820 [info] > git show --textconv :database/seeders/DatabaseSeeder.php [2ms]
2023-12-16 12:02:03.558 [info] > git fetch [846ms]
2023-12-16 12:02:03.571 [info] > git config --get commit.template [4ms]
2023-12-16 12:02:03.573 [info] > git for-each-ref --format %(refname) %(objectname) %(*objectname) refs/tags [3ms]
2023-12-16 12:02:03.596 [info] > git status -z -uall [18ms]
2023-12-16 12:02:04.689 [info] > git config --get commit.template [1ms]
2023-12-16 12:02:04.694 [info] > git for-each-ref --format %(refname) %(objectname) %(*objectname) refs/tags [1ms]
2023-12-16 12:02:04.698 [info] > git status -z -uall [1ms]
2023-12-16 12:02:04.798 [info] > git ls-files --stage -- /home/sopharong/web-training-2023/database/seeders/DatabaseSeeder.php [2ms]
2023-12-16 12:02:04.802 [info] > git cat-file -s a9f4519fce324e270bc0722a679840a65c3e0caf [1ms]
2023-12-16 12:02:04.814 [info] > git show --textconv :database/seeders/DatabaseSeeder.php [3ms]
2023-12-16 12:32:57.709 [info] > git ls-files --stage -- /home/sopharong/web-training-2023/database/seeders/DatabaseSeeder.php [2ms]
2023-12-16 12:32:57.715 [info] > git cat-file -s a9f4519fce324e270bc0722a679840a65c3e0caf [1ms]
2023-12-16 12:32:57.733 [info] > git show --textconv :database/seeders/DatabaseSeeder.php [8ms]
2023-12-16 12:33:01.704 [info] > git show --textconv :database/migrations/2023_12_09_032118_remove_column_missing_from_products.php [4ms]
2023-12-16 12:33:01.705 [info] > git ls-files --stage -- /home/sopharong/web-training-2023/database/migrations/2023_12_09_032118_remove_column_missing_from_products.php [0ms]
2023-12-16 12:33:01.709 [info] > git cat-file -s 60be995692f734c30df8eff31ab5a405fa016904 [1ms]
2023-12-16 12:33:06.670 [info] > git fetch [10283ms]
2023-12-16 12:33:06.670 [info] fatal: unable to access 'https://github.com/thavorac/web-training-2023.git/': Could not resolve host: github.com
2023-12-16 12:33:06.685 [info] > git config --get commit.template [5ms]
2023-12-16 12:33:06.686 [info] > git for-each-ref --format %(refname) %(objectname) %(*objectname) refs/tags [2ms]
2023-12-16 12:33:06.710 [info] > git status -z -uall [17ms]
2023-12-16 12:33:20.726 [info] > git show --textconv :database/migrations/2023_12_09_023626_create_products.php [4ms]
2023-12-16 12:33:20.727 [info] > git ls-files --stage -- /home/sopharong/web-training-2023/database/migrations/2023_12_09_023626_create_products.php [1ms]
2023-12-16 12:33:20.735 [info] > git cat-file -s 5e310479bb77d7613293c34ff9d3755ec2ea8921 [5ms]
2023-12-16 12:56:29.947 [info] > git ls-files --stage -- /home/sopharong/web-training-2023/database/migrations/2023_12_09_023626_create_products.php [1ms]
2023-12-16 12:56:29.953 [info] > git cat-file -s 5e310479bb77d7613293c34ff9d3755ec2ea8921 [1ms]
2023-12-16 12:56:29.967 [info] > git show --textconv :database/migrations/2023_12_09_023626_create_products.php [6ms]
2023-12-16 12:56:30.443 [info] > git fetch [1767ms]
2023-12-16 12:56:30.454 [info] > git config --get commit.template [5ms]
2023-12-16 12:56:30.455 [info] > git for-each-ref --format %(refname) %(objectname) %(*objectname) refs/tags [3ms]
2023-12-16 12:56:30.467 [info] > git status -z -uall [7ms]
2023-12-16 12:56:31.537 [info] > git config --get commit.template [4ms]
2023-12-16 12:56:31.537 [info] > git for-each-ref --format %(refname) %(objectname) %(*objectname) refs/tags [0ms]
2023-12-16 12:56:31.542 [info] > git status -z -uall [0ms]
2023-12-16 12:56:31.626 [info] > git ls-files --stage -- /home/sopharong/web-training-2023/database/migrations/2023_12_09_023626_create_products.php [0ms]
2023-12-16 12:56:31.631 [info] > git cat-file -s 5e310479bb77d7613293c34ff9d3755ec2ea8921 [1ms]
2023-12-16 12:56:31.641 [info] > git show --textconv :database/migrations/2023_12_09_023626_create_products.php [1ms]
