2023-12-16 09:53:52.614 [info] Log level: Info
2023-12-16 09:53:52.614 [info] Validating found git in: "git"
2023-12-16 09:53:52.614 [info] Using git "2.25.1" from "git"
2023-12-16 09:53:52.614 [info] > git rev-parse --show-toplevel [28ms]
2023-12-16 09:53:52.614 [info] > git rev-parse --git-dir --git-common-dir [3ms]
2023-12-16 09:53:52.614 [info] Open repository: /home/sopharong/web-training-2023
2023-12-16 09:53:52.677 [info] > git rev-parse --show-toplevel [40ms]
2023-12-16 09:53:52.678 [info] > git config --get commit.template [51ms]
2023-12-16 09:53:52.712 [info] > git rev-parse --show-toplevel [23ms]
2023-12-16 09:53:52.753 [info] > git for-each-ref --format=%(refname)%00%(upstream:short)%00%(objectname)%00%(upstream:track)%00%(upstream:remotename)%00%(upstream:remoteref) refs/heads/ecommerce-backend refs/remotes/ecommerce-backend [45ms]
2023-12-16 09:53:52.763 [warning] ENOENT: no such file or directory, open '/home/sopharong/web-training-2023/.git/refs/remotes/origin/ecommerce-backend'
2023-12-16 09:53:52.764 [info] > git rev-parse --show-toplevel [14ms]
2023-12-16 09:53:52.766 [info] > git rev-parse refs/remotes/origin/ecommerce-backend [3ms]
2023-12-16 09:53:52.797 [info] > git rev-parse --show-toplevel [5ms]
2023-12-16 09:53:52.808 [info] > git rev-parse --show-toplevel [2ms]
2023-12-16 09:53:52.818 [info] > git rev-parse --show-toplevel [2ms]
2023-12-16 09:53:52.830 [info] > git rev-parse --show-toplevel [5ms]
2023-12-16 09:53:52.844 [info] > git rev-parse --show-toplevel [3ms]
2023-12-16 09:53:52.854 [info] > git rev-parse --show-toplevel [1ms]
2023-12-16 09:53:52.871 [info] > git status -z -uall [89ms]
2023-12-16 09:53:52.894 [info] > git config --get commit.template [2ms]
2023-12-16 09:53:52.904 [info] > git for-each-ref --format=%(refname)%00%(upstream:short)%00%(objectname)%00%(upstream:track)%00%(upstream:remotename)%00%(upstream:remoteref) refs/heads/ecommerce-backend refs/remotes/ecommerce-backend [4ms]
2023-12-16 09:53:52.910 [warning] ENOENT: no such file or directory, open '/home/sopharong/web-training-2023/.git/refs/remotes/origin/ecommerce-backend'
2023-12-16 09:53:52.912 [info] > git rev-parse refs/remotes/origin/ecommerce-backend [2ms]
2023-12-16 09:53:52.930 [info] > git status -z -uall [12ms]
2023-12-16 09:53:53.462 [info] > git check-ignore -v -z --stdin [118ms]
2023-12-16 09:53:53.957 [info] > git fetch [1354ms]
2023-12-16 09:53:53.964 [info] > git config --get commit.template [1ms]
2023-12-16 09:53:53.970 [info] > git for-each-ref --format=%(refname)%00%(upstream:short)%00%(objectname)%00%(upstream:track)%00%(upstream:remotename)%00%(upstream:remoteref) refs/heads/ecommerce-backend refs/remotes/ecommerce-backend [1ms]
2023-12-16 09:53:53.974 [warning] ENOENT: no such file or directory, open '/home/sopharong/web-training-2023/.git/refs/remotes/origin/ecommerce-backend'
2023-12-16 09:53:53.975 [info] > git rev-parse refs/remotes/origin/ecommerce-backend [0ms]
2023-12-16 09:53:53.983 [info] > git status -z -uall [5ms]
2023-12-16 09:53:54.215 [info] > git check-ignore -v -z --stdin [0ms]
2023-12-16 09:53:55.032 [info] > git config --get commit.template [1ms]
2023-12-16 09:53:55.039 [info] > git for-each-ref --format=%(refname)%00%(upstream:short)%00%(objectname)%00%(upstream:track)%00%(upstream:remotename)%00%(upstream:remoteref) refs/heads/ecommerce-backend refs/remotes/ecommerce-backend [1ms]
2023-12-16 09:53:55.045 [warning] ENOENT: no such file or directory, open '/home/sopharong/web-training-2023/.git/refs/remotes/origin/ecommerce-backend'
2023-12-16 09:53:55.046 [info] > git rev-parse refs/remotes/origin/ecommerce-backend [1ms]
2023-12-16 09:53:55.056 [info] > git status -z -uall [6ms]
2023-12-16 09:54:04.157 [info] > git check-ignore -v -z --stdin [1ms]
2023-12-16 09:54:06.369 [info] > git show --textconv :database/seeders/DatabaseSeeder.php [9ms]
2023-12-16 09:54:06.371 [info] > git ls-files --stage -- /home/sopharong/web-training-2023/database/seeders/DatabaseSeeder.php [2ms]
2023-12-16 09:54:06.380 [info] > git cat-file -s a9f4519fce324e270bc0722a679840a65c3e0caf [2ms]
2023-12-16 09:55:18.579 [info] > git ls-files --stage -- /home/sopharong/web-training-2023/database/seeders/DatabaseSeeder.php [1ms]
2023-12-16 09:55:18.588 [info] > git config --get commit.template [22ms]
2023-12-16 09:55:18.595 [info] > git cat-file -s a9f4519fce324e270bc0722a679840a65c3e0caf [8ms]
2023-12-16 09:55:18.596 [info] > git for-each-ref --format=%(refname)%00%(upstream:short)%00%(objectname)%00%(upstream:track)%00%(upstream:remotename)%00%(upstream:remoteref) refs/heads/ecommerce-backend refs/remotes/ecommerce-backend [2ms]
2023-12-16 09:55:18.602 [warning] ENOENT: no such file or directory, open '/home/sopharong/web-training-2023/.git/refs/remotes/origin/ecommerce-backend'
2023-12-16 09:55:18.605 [info] > git rev-parse refs/remotes/origin/ecommerce-backend [3ms]
2023-12-16 09:55:18.623 [info] > git status -z -uall [11ms]
2023-12-16 09:55:18.623 [info] > git show --textconv :database/seeders/DatabaseSeeder.php [1ms]
2023-12-16 09:55:32.484 [info] > git config --get commit.template [2ms]
2023-12-16 09:55:32.490 [info] > git for-each-ref --format=%(refname)%00%(upstream:short)%00%(objectname)%00%(upstream:track)%00%(upstream:remotename)%00%(upstream:remoteref) refs/heads/ecommerce-backend refs/remotes/ecommerce-backend [1ms]
2023-12-16 09:55:32.495 [warning] ENOENT: no such file or directory, open '/home/sopharong/web-training-2023/.git/refs/remotes/origin/ecommerce-backend'
2023-12-16 09:55:32.496 [info] > git rev-parse refs/remotes/origin/ecommerce-backend [1ms]
2023-12-16 09:55:32.505 [info] > git status -z -uall [5ms]
2023-12-16 09:55:32.586 [info] > git ls-files --stage -- /home/sopharong/web-training-2023/database/seeders/DatabaseSeeder.php [1ms]
2023-12-16 09:55:32.591 [info] > git cat-file -s a9f4519fce324e270bc0722a679840a65c3e0caf [1ms]
2023-12-16 09:55:32.601 [info] > git show --textconv :database/seeders/DatabaseSeeder.php [1ms]
2023-12-16 09:55:49.403 [info] > git config --get commit.template [1ms]
2023-12-16 09:55:49.408 [info] > git for-each-ref --format=%(refname)%00%(upstream:short)%00%(objectname)%00%(upstream:track)%00%(upstream:remotename)%00%(upstream:remoteref) refs/heads/ecommerce-backend refs/remotes/ecommerce-backend [1ms]
2023-12-16 09:55:49.414 [warning] ENOENT: no such file or directory, open '/home/sopharong/web-training-2023/.git/refs/remotes/origin/ecommerce-backend'
2023-12-16 09:55:49.414 [info] > git rev-parse refs/remotes/origin/ecommerce-backend [1ms]
2023-12-16 09:55:49.423 [info] > git status -z -uall [5ms]
2023-12-16 09:55:49.503 [info] > git ls-files --stage -- /home/sopharong/web-training-2023/database/seeders/DatabaseSeeder.php [0ms]
2023-12-16 09:55:49.507 [info] > git cat-file -s a9f4519fce324e270bc0722a679840a65c3e0caf [0ms]
2023-12-16 09:55:49.516 [info] > git show --textconv :database/seeders/DatabaseSeeder.php [1ms]
2023-12-16 09:57:03.740 [info] > git fetch [687ms]
2023-12-16 09:57:03.752 [info] > git config --get commit.template [6ms]
2023-12-16 09:57:03.753 [info] > git for-each-ref --format=%(refname)%00%(upstream:short)%00%(objectname)%00%(upstream:track)%00%(upstream:remotename)%00%(upstream:remoteref) refs/heads/ecommerce-backend refs/remotes/ecommerce-backend [2ms]
2023-12-16 09:57:03.758 [warning] ENOENT: no such file or directory, open '/home/sopharong/web-training-2023/.git/refs/remotes/origin/ecommerce-backend'
2023-12-16 09:57:03.759 [info] > git rev-parse refs/remotes/origin/ecommerce-backend [1ms]
2023-12-16 09:57:03.772 [info] > git status -z -uall [5ms]
2023-12-16 09:57:04.824 [info] > git config --get commit.template [0ms]
2023-12-16 09:57:04.830 [info] > git for-each-ref --format=%(refname)%00%(upstream:short)%00%(objectname)%00%(upstream:track)%00%(upstream:remotename)%00%(upstream:remoteref) refs/heads/ecommerce-backend refs/remotes/ecommerce-backend [1ms]
2023-12-16 09:57:04.834 [warning] ENOENT: no such file or directory, open '/home/sopharong/web-training-2023/.git/refs/remotes/origin/ecommerce-backend'
2023-12-16 09:57:04.835 [info] > git rev-parse refs/remotes/origin/ecommerce-backend [1ms]
2023-12-16 09:57:04.843 [info] > git status -z -uall [5ms]
2023-12-16 09:57:04.927 [info] > git ls-files --stage -- /home/sopharong/web-training-2023/database/seeders/DatabaseSeeder.php [1ms]
2023-12-16 09:57:04.932 [info] > git cat-file -s a9f4519fce324e270bc0722a679840a65c3e0caf [1ms]
2023-12-16 09:57:04.942 [info] > git show --textconv :database/seeders/DatabaseSeeder.php [1ms]
2023-12-16 10:09:22.331 [info] > git config --get commit.template [13ms]
2023-12-16 10:09:22.334 [info] > git for-each-ref --format %(refname) %(objectname) %(*objectname) refs/tags [11ms]
2023-12-16 10:09:22.360 [info] > git status -z -uall [18ms]
2023-12-16 10:09:22.437 [info] > git ls-files --stage -- /home/sopharong/web-training-2023/database/seeders/DatabaseSeeder.php [1ms]
2023-12-16 10:09:22.445 [info] > git cat-file -s a9f4519fce324e270bc0722a679840a65c3e0caf [1ms]
2023-12-16 10:09:22.527 [info] > git show --textconv :database/seeders/DatabaseSeeder.php [4ms]
2023-12-16 10:09:22.937 [info] > git check-ignore -v -z --stdin [2ms]
2023-12-16 10:09:23.048 [info] > git fetch [750ms]
2023-12-16 10:09:23.059 [info] > git config --get commit.template [1ms]
2023-12-16 10:09:23.066 [info] > git for-each-ref --format %(refname) %(objectname) %(*objectname) refs/tags [1ms]
2023-12-16 10:09:23.073 [info] > git status -z -uall [2ms]
2023-12-16 10:09:24.279 [info] > git ls-files --stage -- /home/sopharong/web-training-2023/database/seeders/DatabaseSeeder.php [1ms]
2023-12-16 10:09:24.288 [info] > git cat-file -s a9f4519fce324e270bc0722a679840a65c3e0caf [1ms]
2023-12-16 10:09:24.320 [info] > git show --textconv :database/seeders/DatabaseSeeder.php [4ms]
2023-12-16 10:09:27.412 [info] > git config --get commit.template [5ms]
2023-12-16 10:09:27.412 [info] > git for-each-ref --format %(refname) %(objectname) %(*objectname) refs/tags [1ms]
2023-12-16 10:09:27.418 [info] > git status -z -uall [2ms]
2023-12-16 10:09:30.513 [info] > git show --textconv :database/migrations/2019_12_14_000001_create_personal_access_tokens_table.php [5ms]
2023-12-16 10:09:30.514 [info] > git ls-files --stage -- /home/sopharong/web-training-2023/database/migrations/2019_12_14_000001_create_personal_access_tokens_table.php [2ms]
2023-12-16 10:09:30.520 [info] > git cat-file -s e828ad8189ee7c270c24be93f2eb73d833c0da87 [0ms]
2023-12-16 10:09:36.650 [info] > git show --textconv :database/migrations/2023_12_09_032118_remove_column_missing_from_products.php [4ms]
2023-12-16 10:09:36.651 [info] > git ls-files --stage -- /home/sopharong/web-training-2023/database/migrations/2023_12_09_032118_remove_column_missing_from_products.php [1ms]
2023-12-16 10:09:36.657 [info] > git cat-file -s 60be995692f734c30df8eff31ab5a405fa016904 [0ms]
2023-12-16 10:10:10.479 [info] > git config --get commit.template [1ms]
2023-12-16 10:10:10.484 [info] > git for-each-ref --format %(refname) %(objectname) %(*objectname) refs/tags [1ms]
2023-12-16 10:10:10.491 [info] > git status -z -uall [2ms]
2023-12-16 10:10:10.584 [info] > git ls-files --stage -- /home/sopharong/web-training-2023/database/migrations/2023_12_09_032118_remove_column_missing_from_products.php [1ms]
2023-12-16 10:10:10.592 [info] > git cat-file -s 60be995692f734c30df8eff31ab5a405fa016904 [0ms]
2023-12-16 10:10:10.606 [info] > git show --textconv :database/migrations/2023_12_09_032118_remove_column_missing_from_products.php [1ms]
2023-12-16 10:17:20.852 [info] > git fetch [623ms]
2023-12-16 10:17:20.864 [info] > git config --get commit.template [5ms]
2023-12-16 10:17:20.864 [info] > git for-each-ref --format %(refname) %(objectname) %(*objectname) refs/tags [1ms]
2023-12-16 10:17:20.870 [info] > git status -z -uall [1ms]
2023-12-16 10:17:21.932 [info] > git config --get commit.template [1ms]
2023-12-16 10:17:21.937 [info] > git for-each-ref --format %(refname) %(objectname) %(*objectname) refs/tags [1ms]
2023-12-16 10:17:21.942 [info] > git status -z -uall [1ms]
2023-12-16 10:17:22.034 [info] > git ls-files --stage -- /home/sopharong/web-training-2023/database/migrations/2023_12_09_032118_remove_column_missing_from_products.php [1ms]
2023-12-16 10:17:22.040 [info] > git cat-file -s 60be995692f734c30df8eff31ab5a405fa016904 [1ms]
2023-12-16 10:17:22.050 [info] > git show --textconv :database/migrations/2023_12_09_032118_remove_column_missing_from_products.php [0ms]
